/Users/satyam/Dotfiles/colors
/Users/satyam/Dotfiles/vim
/Users/satyam/Dotfiles/doom.d
/Users/satyam/Dotfiles/enhancd
/Users/satyam/Documents/C-Things/zephyrproject/ZephyrPlayground/dts
/Users/satyam/Documents/C-Things/zephyrproject/ZephyrPlayground/mpu6050
/Users/satyam/Documents/C-Things/zephyrproject/ZephyrPlayground/adc
/Users/satyam/Documents/C-Things/zephyrproject/ZephyrPlayground/zephyr
/Users/satyam/Documents/C-Things/zephyrproject/tools
/Users/satyam/Documents/C-Things/zephyrproject/bootloader
/Users/satyam/Documents/C-Things/zephyrproject/modules
/Users/satyam/Documents/C-Things/zephyrproject/ZephyrPlayground/tmp100/src/build 2
/Users/satyam/Documents/C-Things/zephyrproject/ZephyrPlayground/tmp100/src/build
/Users/satyam/Documents/C-Things/zephyrproject/build/zephyr/misc
/Users/satyam/Documents/C-Things/zephyrproject/build/zephyr/drivers
/Users/satyam/Documents/C-Things/zephyrproject/build/zephyr/cmake
/Users/satyam/Documents/C-Things/zephyrproject/build/zephyr/CMakeFiles
/Users/satyam/Documents/C-Things/zephyrproject/build/zephyr/soc
/Users/satyam/Documents/C-Things/zephyrproject/build/zephyr/include
/Users/satyam/Documents/C-Things/zephyrproject/build/zephyr/subsys
/Users/satyam/Documents/C-Things/zephyrproject/build/zephyr/kconfig
/Users/satyam/Documents/C-Things/zephyrproject/build/zephyr/arch
/Users/satyam/Documents/C-Things/zephyrproject/build/zephyr/boards
/Users/satyam/Documents/C-Things/zephyrproject/build/zephyr/lib
/Users/satyam/Documents/C-Things/zephyrproject/build/zephyr/kernel
/Users/satyam/Documents/C-Things/zephyrproject/zephyr/boards/posix
/Users/satyam/Documents/C-Things/zephyrproject/zephyr/boards/xtensa
/Users/satyam/Documents/C-Things/zephyrproject/zephyr/boards/shields
/Users/satyam/Documents/C-Things/zephyrproject/zephyr/boards/common
/Users/satyam/Documents/C-Things/zephyrproject/zephyr/boards/x86
/Users/satyam/Documents/C-Things/zephyrproject/zephyr/boards/arm
/Users/satyam/Documents/C-Things/zephyrproject/zephyr/boards/arc
/Users/satyam/Documents/C-Things/zephyrproject/zephyr/boards/riscv
/Users/satyam/Documents/C-Things/zephyrproject/zephyr/boards/sparc
/Users/satyam/Documents/C-Things/zephyrproject/zephyr/boards/nios2
/Users/satyam/Documents/C-Things/zephyrproject/zephyr/misc
/Users/satyam/Documents/C-Things/zephyrproject/zephyr/dts
/Users/satyam/Documents/C-Things/zephyrproject/zephyr/drivers
/Users/satyam/Documents/C-Things/zephyrproject/zephyr/cmake
/Users/satyam/Documents/C-Things/zephyrproject/zephyr/soc
/Users/satyam/Documents/C-Things/zephyrproject/zephyr/include
/Users/satyam/Documents/C-Things/zephyrproject/zephyr/subsys
/Users/satyam/Documents/C-Things/zephyrproject/zephyr/tests
/Users/satyam/Documents/C-Things/zephyrproject/zephyr/samples
/Users/satyam/Documents/C-Things/zephyrproject/zephyr/arch
/Users/satyam/Documents/C-Things/zephyrproject/zephyr/scripts
/Users/satyam/Documents/C-Things/zephyrproject/zephyr/lib
/Users/satyam/Documents/C-Things/zephyrproject/zephyr/doc
/Users/satyam/Documents/C-Things/zephyrproject/zephyr/modules
/Users/satyam/Documents/C-Things/zephyrproject/zephyr/kernel
/Users/satyam/Documents/C-Things/zephyrproject/zephyr/share
/Users/satyam/Dotfiles/tmuxinator
/Users/satyam/Dotfiles/UltiSnips
/Users/satyam/Dotfiles/scripts
/Users/satyam/Dotfiles/Fonts
/Users/satyam/Dotfiles/assets
/Users/satyam/Dotfiles/conf
/Users/satyam/zephyrproject/zephyr/samples/sensor/lsm303dlhc
/Users/satyam/zephyrproject/zephyr/samples/sensor/qdec
/Users/satyam/zephyrproject/zephyr/samples/sensor/icm42605
/Users/satyam/zephyrproject/zephyr/samples/sensor/lps22hh
/Users/satyam/zephyrproject/zephyr/samples/sensor/adxl362
/Users/satyam/zephyrproject/zephyr/samples/sensor/fdc2x1x
/Users/satyam/zephyrproject/zephyr/samples/sensor/sensor_shell
/Users/satyam/zephyrproject/zephyr/samples/sensor/sht3xd
/Users/satyam/zephyrproject/zephyr/samples/sensor/amg88xx
/Users/satyam/zephyrproject/zephyr/samples/sensor/mpr
/Users/satyam/zephyrproject/zephyr/samples/sensor/sx9500
/Users/satyam/zephyrproject/zephyr/samples/sensor/grove_light
/Users/satyam/zephyrproject/zephyr/samples/sensor/bq274xx
/Users/satyam/zephyrproject/zephyr/samples/sensor/lsm6dsl
/Users/satyam/zephyrproject/zephyr/samples/sensor/mcux_acmp
/Users/satyam/zephyrproject/zephyr/samples/sensor/magn_polling
/Users/satyam/zephyrproject/zephyr/samples/sensor/mcp9808
/Users/satyam/zephyrproject/zephyr/samples/sensor/dht
/Users/satyam/zephyrproject/zephyr/samples/sensor/ms5837
/Users/satyam/zephyrproject/zephyr/samples/sensor/thermometer
/Users/satyam/zephyrproject/zephyr/samples/sensor/max30101
/Users/satyam/zephyrproject/zephyr/samples/sensor/mpu6050
/Users/satyam/zephyrproject/zephyr/samples/sensor/fxos8700
/Users/satyam/zephyrproject/zephyr/samples/sensor/ens210
/Users/satyam/zephyrproject/zephyr/samples/sensor/vl53l0x
/Users/satyam/zephyrproject/zephyr/samples/sensor/bmi270
/Users/satyam/zephyrproject/zephyr/samples/sensor/sm351lt
/Users/satyam/zephyrproject/zephyr/samples/sensor/vcnl4040
/Users/satyam/zephyrproject/zephyr/samples/sensor/wsen_itds
/Users/satyam/zephyrproject/zephyr/samples/sensor/tmp116
/Users/satyam/zephyrproject/zephyr/samples/sensor/isl29035
/Users/satyam/zephyrproject/zephyr/samples/sensor/dps310
/Users/satyam/zephyrproject/zephyr/samples/sensor/bme280
/Users/satyam/zephyrproject/zephyr/samples/sensor/bme680
/Users/satyam/zephyrproject/zephyr/samples/sensor/hts221
/Users/satyam/zephyrproject/zephyr/samples/sensor/bmg160
/Users/satyam/zephyrproject/zephyr/samples/sensor/lis2dh
/Users/satyam/zephyrproject/zephyr/samples/sensor/apds9960
/Users/satyam/zephyrproject/zephyr/samples/sensor/ams_iAQcore
/Users/satyam/zephyrproject/zephyr/samples/sensor/grove_temperature
/Users/satyam/zephyrproject/zephyr/samples/sensor/lps22hb
/Users/satyam/zephyrproject/zephyr/samples/sensor/fxas21002
/Users/satyam/zephyrproject/zephyr/samples/sensor/max44009
/Users/satyam/zephyrproject/zephyr/samples/sensor/lsm6dso
/Users/satyam/zephyrproject/zephyr/samples/sensor/ti_hdc
/Users/satyam/zephyrproject/zephyr/samples/sensor/max6675
/Users/satyam/zephyrproject/zephyr/samples/sensor/adt7420
/Users/satyam/zephyrproject/zephyr/samples/sensor/bmm150
/Users/satyam/zephyrproject/zephyr/samples/sensor/fxos8700-hid
/Users/satyam/zephyrproject/zephyr/samples/sensor/tmp112
/Users/satyam/zephyrproject/zephyr/samples/sensor/hmc5883l
/Users/satyam/zephyrproject/zephyr/samples/sensor/adxl372
/Users/satyam/zephyrproject/zephyr/samples/sensor/ccs811
/Users/satyam/zephyrproject/zephyr/samples/sensor/th02
/Users/satyam/Documents/C-Things/zephyrproject/ZephyrPlayground/tmp100/build
/Users/satyam/Documents/C-Things/ZephyrInSimplePieces/_book
/Users/satyam/Documents/Notes/ThoughtFragments
/Users/satyam/Documents/Notes/Playground
/Users/satyam/Documents/Notes/Projects
/Users/satyam/Documents/Notes/ProceduralNotes
/Users/satyam/Documents/Notes/LectureNotes
/Users/satyam/Documents/Notes/Cheatsheets
/Users/satyam/Documents/Notes/assets
/Users/satyam/Documents/C-Things/zephyrproject/ZephyrPlayground/drivers/sensor
/Users/satyam/Documents/C-Things/zephyrproject/ZephyrPlayground/tmp100/boards
/Users/satyam/Documents/Haskell-Things/learning1/app
/Users/satyam/Documents/Haskell-Things/learning1/test
/Users/satyam/Documents/Haskell-Things/learning1/src
/Users/satyam/Downloads/Hardware-Tests-master/amt203-v
/Users/satyam/Downloads/Hardware-Tests-master/Hard_Disk_BLDC_motor_test_run
/Users/satyam/Downloads/Hardware-Tests-master/Current_sensor
/Users/satyam/Downloads/Hardware-Tests-master/Only EncoderTest
/Users/satyam/Downloads/Hardware-Tests-master/Loadcell_Test_with_Arduino
/Users/satyam/Downloads/Hardware-Tests-master/Buzzer_with_arduino
/Users/satyam/Downloads/Hardware-Tests-master/PWM
/Users/satyam/Downloads/Hardware-Tests-master/AD7193
/Users/satyam/Downloads/Hardware-Tests-master/servo_motor_code
/Users/satyam/Downloads/Hardware-Tests-master/Distance_Sensor_with_24bit_ADC
/Users/satyam/Downloads/Hardware-Tests-master/TB6612FNG_12v_DRIVER
/Users/satyam/Downloads/Hardware-Tests-master/MPU6050
/Users/satyam/Downloads/Hardware-Tests-master/hw_040_encoder_with_arduino
/Users/satyam/Downloads/Hardware-Tests-master/L298N_with_DC_motor_forward___reverse_
/Users/satyam/Downloads/Hardware-Tests-master/Distance_sensor
/Users/satyam/Downloads/Hardware-Tests-master/Magnetic_encoder_with_DC_motor
/Users/satyam/Downloads/Hardware-Tests-master/I2C_Scanner
/Users/satyam/Downloads/Hardware-Tests-master/IMP_MPU6050
/Users/satyam/Downloads/Hardware-Tests-master/Normal DC motor drive with L298N
/Users/satyam/Downloads/Hardware-Tests-master/Heart_Rate_7_with_arduino
/Users/satyam/Downloads/Hardware-Tests-master/0.91 inch oled display
/Users/satyam/Downloads/Hardware-Tests-master/Distance_Sensor_with_24bit_ADC_and_print_in_Excel
/Users/satyam/Downloads/Hardware-Tests-master/Slider with Encoder
/Users/satyam/Downloads/Hardware-Tests-master/4_LDR_with_Arduino
/Users/satyam/Downloads/Hardware-Tests-master/Ministepper_with_arduino
/Users/satyam/Downloads/Hardware-Tests-master/LDR_Program
/Users/satyam/Downloads/Hardware-Tests-master/One_DC_motor_with_tb6612fng_driver
/Users/satyam/Downloads/Hardware-Tests-master/Transistor_as_a_switch
/Users/satyam/Downloads/Hardware-Tests-master/accelerometer_mpu6050
/Users/satyam/Downloads/Hardware-Tests-master/stepper-motor-controller
/Users/satyam/Downloads/Hardware-Tests-master/Basic_Encoder
/Users/satyam/Downloads/Hardware-Tests-master/RGB Led Strip Programs
/Users/satyam/Downloads/Hardware-Tests-master/BMP280
/Users/satyam/Downloads/Hardware-Tests-master/accelerometer_code
/Users/satyam/Downloads/Hardware-Tests-master/GY-BM_E-P
/Users/satyam/Downloads/Hardware-Tests-master/SingleAxisDistanceTest
/Users/satyam/Downloads/Hardware-Tests-master/Temp_Sensor_with_arduino_code
/Users/satyam/Downloads/Hardware-Tests-master/Distance_sensor_with_smoothing
/Users/satyam/dotfiles/conf/.oh-my-zsh/plugins/mosh
/Users/satyam/dotfiles/conf/.oh-my-zsh/plugins/git-lfs
/Users/satyam/dotfiles/conf/.oh-my-zsh/plugins/pyenv
/Users/satyam/dotfiles/conf/.oh-my-zsh/plugins/xcode
/Users/satyam/dotfiles/conf/.oh-my-zsh/plugins/gcloud
/Users/satyam/dotfiles/conf/.oh-my-zsh/plugins/man
/Users/satyam/dotfiles/conf/.oh-my-zsh/plugins/tig
/Users/satyam/dotfiles/conf/.oh-my-zsh/plugins/ant
/Users/satyam/dotfiles/conf/.oh-my-zsh/plugins/last-working-dir
/Users/satyam/dotfiles/conf/.oh-my-zsh/plugins/pod
/Users/satyam/dotfiles/conf/.oh-my-zsh/plugins/svn
/Users/satyam/dotfiles/conf/.oh-my-zsh/plugins/pj
/Users/satyam/dotfiles/conf/.oh-my-zsh/plugins/terraform
/Users/satyam/dotfiles/conf/.oh-my-zsh/plugins/alias-finder
/Users/satyam/dotfiles/conf/.oh-my-zsh/plugins/asdf
/Users/satyam/dotfiles/conf/.oh-my-zsh/plugins/droplr
/Users/satyam/dotfiles/conf/.oh-my-zsh/plugins/homestead
/Users/satyam/dotfiles/conf/.oh-my-zsh/plugins/microk8s
/Users/satyam/dotfiles/conf/.oh-my-zsh/plugins/per-directory-history
/Users/satyam/dotfiles/conf/.oh-my-zsh/plugins/deno
/Users/satyam/dotfiles/conf/.oh-my-zsh/plugins/doctl
/Users/satyam/dotfiles/conf/.oh-my-zsh/plugins/autoenv
/Users/satyam/dotfiles/conf/.oh-my-zsh/plugins/please
/Users/satyam/dotfiles/conf/.oh-my-zsh/plugins/ros
/Users/satyam/dotfiles/conf/.oh-my-zsh/plugins/gitfast
/Users/satyam/dotfiles/conf/.oh-my-zsh/plugins/wp-cli
/Users/satyam/dotfiles/conf/.oh-my-zsh/plugins/git-hubflow
/Users/satyam/dotfiles/conf/.oh-my-zsh/plugins/svn-fast-info
/Users/satyam/dotfiles/conf/.oh-my-zsh/plugins/sprunge
/Users/satyam/dotfiles/conf/.oh-my-zsh/plugins/gas
/Users/satyam/dotfiles/conf/.oh-my-zsh/plugins/ionic
/Users/satyam/dotfiles/conf/.oh-my-zsh/plugins/eecms
/Users/satyam/dotfiles/conf/.oh-my-zsh/plugins/bbedit
/Users/satyam/dotfiles/conf/.oh-my-zsh/plugins/pow
/Users/satyam/dotfiles/conf/.oh-my-zsh/plugins/pylint
/Users/satyam/dotfiles/conf/.oh-my-zsh/plugins/n98-magerun
/Users/satyam/dotfiles/conf/.oh-my-zsh/plugins/docker
/Users/satyam/dotfiles/conf/.oh-my-zsh/plugins/mongocli
/Users/satyam/dotfiles/conf/.oh-my-zsh/plugins/branch
/Users/satyam/dotfiles/conf/.oh-my-zsh/plugins/thefuck
/Users/satyam/dotfiles/conf/.oh-my-zsh/plugins/autojump
/Users/satyam/dotfiles/conf/.oh-my-zsh/plugins/geeknote
/Users/satyam/dotfiles/conf/.oh-my-zsh/plugins/pipenv
/Users/satyam/dotfiles/conf/.oh-my-zsh/plugins/dotenv
/Users/satyam/dotfiles/conf/.oh-my-zsh/plugins/go
/Users/satyam/dotfiles/conf/.oh-my-zsh/plugins/lol
/Users/satyam/dotfiles/conf/.oh-my-zsh/plugins/fancy-ctrl-z
/Users/satyam/dotfiles/conf/.oh-my-zsh/plugins/gh
/Users/satyam/dotfiles/conf/.oh-my-zsh/plugins/docker-machine
/Users/satyam/dotfiles/conf/.oh-my-zsh/plugins/ng
/Users/satyam/dotfiles/conf/.oh-my-zsh/plugins/boot2docker
/Users/satyam/dotfiles/conf/.oh-my-zsh/plugins/minikube
/Users/satyam/dotfiles/conf/.oh-my-zsh/plugins/heroku
/Users/satyam/dotfiles/conf/.oh-my-zsh/plugins/dirhistory
/Users/satyam/dotfiles/conf/.oh-my-zsh/plugins/kate
/Users/satyam/dotfiles/conf/.oh-my-zsh/plugins/vagrant-prompt
/Users/satyam/dotfiles/conf/.oh-my-zsh/plugins/pep8
/Users/satyam/dotfiles/conf/.oh-my-zsh/plugins/debian
/Users/satyam/dotfiles/conf/.oh-my-zsh/plugins/gulp
/Users/satyam/dotfiles/conf/.oh-my-zsh/plugins/magic-enter
/Users/satyam/dotfiles/conf/.oh-my-zsh/plugins/thor
/Users/satyam/dotfiles/conf/.oh-my-zsh/plugins/kube-ps1
/Users/satyam/dotfiles/conf/.oh-my-zsh/plugins/react-native
/Users/satyam/dotfiles/conf/.oh-my-zsh/plugins/bower
/Users/satyam/dotfiles/conf/.oh-my-zsh/plugins/osx
/Users/satyam/dotfiles/conf/.oh-my-zsh/plugins/history-substring-search
/Users/satyam/dotfiles/conf/.oh-my-zsh/plugins/python
/Users/satyam/dotfiles/conf/.oh-my-zsh/plugins/ipfs
/Users/satyam/dotfiles/conf/.oh-my-zsh/plugins/meteor
/Users/satyam/dotfiles/conf/.oh-my-zsh/plugins/pass
/Users/satyam/dotfiles/conf/.oh-my-zsh/plugins/golang
/Users/satyam/dotfiles/conf/.oh-my-zsh/plugins/otp
/Users/satyam/dotfiles/conf/.oh-my-zsh/plugins/mix-fast
/Users/satyam/dotfiles/conf/.oh-my-zsh/plugins/frontend-search
/Users/satyam/dotfiles/conf/.oh-my-zsh/plugins/redis-cli
/Users/satyam/dotfiles/conf/.oh-my-zsh/plugins/grc
/Users/satyam/dotfiles/conf/.oh-my-zsh/plugins/codeclimate
/Users/satyam/dotfiles/conf/.oh-my-zsh/plugins/firewalld
/Users/satyam/dotfiles/conf/.oh-my-zsh/plugins/powder
/Users/satyam/dotfiles/conf/.oh-my-zsh/plugins/yii2
/Users/satyam/dotfiles/conf/.oh-my-zsh/plugins/vagrant
/Users/satyam/dotfiles/conf/.oh-my-zsh/plugins/hitchhiker
/Users/satyam/dotfiles/conf/.oh-my-zsh/plugins/systemd
/Users/satyam/dotfiles/conf/.oh-my-zsh/plugins/rvm
/Users/satyam/dotfiles/conf/.oh-my-zsh/plugins/cloudfoundry
/Users/satyam/dotfiles/conf/.oh-my-zsh/plugins/cargo
/Users/satyam/dotfiles/conf/.oh-my-zsh/plugins/encode64
/Users/satyam/dotfiles/conf/.oh-my-zsh/plugins/emotty
/Users/satyam/dotfiles/conf/.oh-my-zsh/plugins/grunt
/Users/satyam/dotfiles/conf/.oh-my-zsh/plugins/fd
/Users/satyam/dotfiles/conf/.oh-my-zsh/plugins/globalias
/Users/satyam/dotfiles/conf/.oh-my-zsh/plugins/yii
/Users/satyam/dotfiles/conf/.oh-my-zsh/plugins/zsh-navigation-tools
/Users/satyam/dotfiles/conf/.oh-my-zsh/plugins/oc
/Users/satyam/dotfiles/conf/.oh-my-zsh/plugins/zoxide
/Users/satyam/dotfiles/conf/.oh-my-zsh/plugins/sfffe
/Users/satyam/dotfiles/conf/.oh-my-zsh/plugins/composer
/Users/satyam/dotfiles/conf/.oh-my-zsh/plugins/perl
/Users/satyam/dotfiles/conf/.oh-my-zsh/plugins/grails
/Users/satyam/dotfiles/conf/.oh-my-zsh/plugins/jsontools
/Users/satyam/dotfiles/conf/.oh-my-zsh/plugins/rebar
/Users/satyam/dotfiles/conf/.oh-my-zsh/plugins/rust
/Users/satyam/dotfiles/conf/.oh-my-zsh/plugins/fossil
/Users/satyam/dotfiles/conf/.oh-my-zsh/plugins/zsh-interactive-cd
/Users/satyam/dotfiles/conf/.oh-my-zsh/plugins/vundle
/Users/satyam/dotfiles/conf/.oh-my-zsh/plugins/timer
/Users/satyam/dotfiles/conf/.oh-my-zsh/plugins/textmate
/Users/satyam/dotfiles/conf/.oh-my-zsh/plugins/rake
/Users/satyam/dotfiles/conf/.oh-my-zsh/plugins/forklift
/Users/satyam/dotfiles/conf/.oh-my-zsh/plugins/brew
/Users/satyam/dotfiles/conf/.oh-my-zsh/plugins/fbterm
/Users/satyam/dotfiles/conf/.oh-my-zsh/plugins/colemak
/Users/satyam/dotfiles/conf/.oh-my-zsh/plugins/command-not-found
/Users/satyam/dotfiles/conf/.oh-my-zsh/plugins/safe-paste
/Users/satyam/dotfiles/conf/.oh-my-zsh/plugins/git-auto-fetch
/Users/satyam/dotfiles/conf/.oh-my-zsh/plugins/apache2-macports
/Users/satyam/dotfiles/conf/.oh-my-zsh/plugins/perms
/Users/satyam/dotfiles/conf/.oh-my-zsh/plugins/autopep8
/Users/satyam/dotfiles/conf/.oh-my-zsh/plugins/transfer
/Users/satyam/dotfiles/conf/.oh-my-zsh/plugins/emoji
/Users/satyam/dotfiles/conf/.oh-my-zsh/plugins/rsync
/Users/satyam/dotfiles/conf/.oh-my-zsh/plugins/glassfish
/Users/satyam/dotfiles/conf/.oh-my-zsh/plugins/wd
/Users/satyam/dotfiles/conf/.oh-my-zsh/plugins/systemadmin
/Users/satyam/dotfiles/conf/.oh-my-zsh/plugins/zsh_reload
/Users/satyam/dotfiles/conf/.oh-my-zsh/plugins/mix
/Users/satyam/dotfiles/conf/.oh-my-zsh/plugins/tugboat
/Users/satyam/dotfiles/conf/.oh-my-zsh/plugins/tmuxinator
/Users/satyam/dotfiles/conf/.oh-my-zsh/plugins/copybuffer
/Users/satyam/dotfiles/conf/.oh-my-zsh/plugins/z
/Users/satyam/dotfiles/conf/.oh-my-zsh/plugins/urltools
/Users/satyam/dotfiles/conf/.oh-my-zsh/plugins/emoji-clock
/Users/satyam/dotfiles/conf/.oh-my-zsh/plugins/mysql-macports
/Users/satyam/dotfiles/conf/.oh-my-zsh/plugins/jump
/Users/satyam/dotfiles/conf/.oh-my-zsh/plugins/arcanist
/Users/satyam/dotfiles/conf/.oh-my-zsh/plugins/fedora
/Users/satyam/dotfiles/conf/.oh-my-zsh/plugins/vi-mode
/Users/satyam/dotfiles/conf/.oh-my-zsh/plugins/gnu-utils
/Users/satyam/dotfiles/conf/.oh-my-zsh/plugins/hitokoto
/Users/satyam/dotfiles/conf/.oh-my-zsh/plugins/ember-cli
/Users/satyam/dotfiles/conf/.oh-my-zsh/plugins/yarn
/Users/satyam/dotfiles/conf/.oh-my-zsh/plugins/dirpersist
/Users/satyam/dotfiles/conf/.oh-my-zsh/plugins/percol
/Users/satyam/dotfiles/conf/.oh-my-zsh/plugins/cloudapp
/Users/satyam/dotfiles/conf/.oh-my-zsh/plugins/nvm
/Users/satyam/dotfiles/conf/.oh-my-zsh/plugins/emacs
/Users/satyam/dotfiles/conf/.oh-my-zsh/plugins/textastic
/Users/satyam/dotfiles/conf/.oh-my-zsh/plugins/common-aliases
/Users/satyam/dotfiles/conf/.oh-my-zsh/plugins/ssh-agent
/Users/satyam/dotfiles/conf/.oh-my-zsh/plugins/git-escape-magic
/Users/satyam/dotfiles/conf/.oh-my-zsh/plugins/fastfile
/Users/satyam/dotfiles/conf/.oh-my-zsh/plugins/gradle
/Users/satyam/dotfiles/conf/.oh-my-zsh/plugins/dotnet
/Users/satyam/dotfiles/conf/.oh-my-zsh/plugins/ansible
/Users/satyam/dotfiles/conf/.oh-my-zsh/plugins/jfrog
/Users/satyam/dotfiles/conf/.oh-my-zsh/plugins/rustup
/Users/satyam/dotfiles/conf/.oh-my-zsh/plugins/gatsby
/Users/satyam/dotfiles/conf/.oh-my-zsh/plugins/chruby
/Users/satyam/dotfiles/conf/.oh-my-zsh/plugins/hanami
/Users/satyam/dotfiles/conf/.oh-my-zsh/plugins/lando
/Users/satyam/dotfiles/conf/.oh-my-zsh/plugins/torrent
/Users/satyam/dotfiles/conf/.oh-my-zsh/plugins/pip
/Users/satyam/dotfiles/conf/.oh-my-zsh/plugins/lxd
/Users/satyam/dotfiles/conf/.oh-my-zsh/plugins/adb
/Users/satyam/dotfiles/conf/.oh-my-zsh/plugins/universalarchive
/Users/satyam/dotfiles/conf/.oh-my-zsh/plugins/salt
/Users/satyam/dotfiles/conf/.oh-my-zsh/plugins/cpanm
/Users/satyam/dotfiles/conf/.oh-my-zsh/plugins/flutter
/Users/satyam/dotfiles/conf/.oh-my-zsh/plugins/postgres
/Users/satyam/dotfiles/conf/.oh-my-zsh/plugins/git-prompt
/Users/satyam/dotfiles/conf/.oh-my-zsh/plugins/rake-fast
/Users/satyam/dotfiles/conf/.oh-my-zsh/plugins/nomad
/Users/satyam/dotfiles/conf/.oh-my-zsh/plugins/git-flow
/Users/satyam/dotfiles/conf/.oh-my-zsh/plugins/jira
/Users/satyam/dotfiles/conf/.oh-my-zsh/plugins/paver
/Users/satyam/dotfiles/conf/.oh-my-zsh/plugins/github
/Users/satyam/dotfiles/conf/.oh-my-zsh/plugins/vim-interaction
/Users/satyam/dotfiles/conf/.oh-my-zsh/plugins/yum
/Users/satyam/dotfiles/conf/.oh-my-zsh/plugins/copyfile
/Users/satyam/dotfiles/conf/.oh-my-zsh/plugins/wakeonlan
/Users/satyam/dotfiles/conf/.oh-my-zsh/plugins/sublime-merge
/Users/satyam/dotfiles/conf/.oh-my-zsh/plugins/powify
/Users/satyam/dotfiles/conf/.oh-my-zsh/plugins/scala
/Users/satyam/dotfiles/conf/.oh-my-zsh/plugins/ag
/Users/satyam/dotfiles/conf/.oh-my-zsh/plugins/sdk
/Users/satyam/dotfiles/conf/.oh-my-zsh/plugins/iterm2
/Users/satyam/dotfiles/conf/.oh-my-zsh/plugins/keychain
/Users/satyam/dotfiles/conf/.oh-my-zsh/plugins/macports
/Users/satyam/dotfiles/conf/.oh-my-zsh/plugins/catimg
/Users/satyam/dotfiles/conf/.oh-my-zsh/plugins/git-flow-avh
/Users/satyam/dotfiles/conf/.oh-my-zsh/plugins/colored-man-pages
/Users/satyam/dotfiles/conf/.oh-my-zsh/plugins/bazel
/Users/satyam/dotfiles/conf/.oh-my-zsh/plugins/bedtools
/Users/satyam/dotfiles/conf/.oh-my-zsh/plugins/jruby
/Users/satyam/dotfiles/conf/.oh-my-zsh/plugins/web-search
/Users/satyam/dotfiles/conf/.oh-my-zsh/plugins/mercurial
/Users/satyam/dotfiles/conf/.oh-my-zsh/plugins/screen
/Users/satyam/dotfiles/conf/.oh-my-zsh/plugins/archlinux
/Users/satyam/dotfiles/conf/.oh-my-zsh/plugins/gb
/Users/satyam/dotfiles/conf/.oh-my-zsh/plugins/term_tab
/Users/satyam/dotfiles/conf/.oh-my-zsh/plugins/copydir
/Users/satyam/dotfiles/conf/.oh-my-zsh/plugins/coffee
/Users/satyam/dotfiles/conf/.oh-my-zsh/plugins/gpg-agent
/Users/satyam/dotfiles/conf/.oh-my-zsh/plugins/sfdx
/Users/satyam/dotfiles/conf/.oh-my-zsh/plugins/genpass
/Users/satyam/dotfiles/conf/.oh-my-zsh/plugins/history
/Users/satyam/dotfiles/conf/.oh-my-zsh/plugins/dnote
/Users/satyam/dotfiles/conf/.oh-my-zsh/plugins/jhbuild
/Users/satyam/dotfiles/conf/.oh-my-zsh/plugins/tmux
/Users/satyam/dotfiles/conf/.oh-my-zsh/plugins/cakephp3
/Users/satyam/dotfiles/conf/.oh-my-zsh/plugins/sbt
/Users/satyam/dotfiles/conf/.oh-my-zsh/plugins/dircycle
/Users/satyam/dotfiles/conf/.oh-my-zsh/plugins/mvn
/Users/satyam/dotfiles/conf/.oh-my-zsh/plugins/singlechar
/Users/satyam/dotfiles/conf/.oh-my-zsh/plugins/phing
/Users/satyam/dotfiles/conf/.oh-my-zsh/plugins/dash
/Users/satyam/dotfiles/conf/.oh-my-zsh/plugins/chucknorris
/Users/satyam/dotfiles/conf/.oh-my-zsh/plugins/symfony2
/Users/satyam/dotfiles/conf/.oh-my-zsh/plugins/lighthouse
/Users/satyam/dotfiles/conf/.oh-my-zsh/plugins/aws
/Users/satyam/dotfiles/conf/.oh-my-zsh/plugins/zbell
/Users/satyam/dotfiles/conf/.oh-my-zsh/plugins/httpie
/Users/satyam/dotfiles/conf/.oh-my-zsh/plugins/extract
/Users/satyam/dotfiles/conf/.oh-my-zsh/plugins/kubectx
/Users/satyam/dotfiles/conf/.oh-my-zsh/plugins/fabric
/Users/satyam/dotfiles/conf/.oh-my-zsh/plugins/cask
/Users/satyam/dotfiles/conf/.oh-my-zsh/plugins/direnv
/Users/satyam/dotfiles/conf/.oh-my-zsh/plugins/celery
/Users/satyam/dotfiles/conf/.oh-my-zsh/plugins/capistrano
/Users/satyam/dotfiles/conf/.oh-my-zsh/plugins/symfony
/Users/satyam/dotfiles/conf/.oh-my-zsh/plugins/shrink-path
/Users/satyam/dotfiles/conf/.oh-my-zsh/plugins/shell-proxy
/Users/satyam/dotfiles/conf/.oh-my-zsh/plugins/scw
/Users/satyam/dotfiles/conf/.oh-my-zsh/plugins/stack
/Users/satyam/dotfiles/conf/.oh-my-zsh/plugins/tmux-cssh
/Users/satyam/dotfiles/conf/.oh-my-zsh/plugins/battery
/Users/satyam/dotfiles/conf/.oh-my-zsh/plugins/samtools
/Users/satyam/dotfiles/conf/.oh-my-zsh/plugins/dnf
/Users/satyam/dotfiles/conf/.oh-my-zsh/plugins/profiles
/Users/satyam/dotfiles/conf/.oh-my-zsh/plugins/cp
/Users/satyam/dotfiles/conf/.oh-my-zsh/plugins/node
/Users/satyam/dotfiles/conf/.oh-my-zsh/plugins/jenv
/Users/satyam/dotfiles/conf/.oh-my-zsh/plugins/sudo
/Users/satyam/dotfiles/conf/.oh-my-zsh/plugins/isodate
/Users/satyam/dotfiles/conf/.oh-my-zsh/plugins/docker-compose
/Users/satyam/dotfiles/conf/.oh-my-zsh/plugins/knife_ssh
/Users/satyam/dotfiles/conf/.oh-my-zsh/plugins/scd
/Users/satyam/dotfiles/conf/.oh-my-zsh/plugins/nmap
/Users/satyam/dotfiles/conf/.oh-my-zsh/plugins/kops
/Users/satyam/dotfiles/conf/.oh-my-zsh/plugins/ufw
/Users/satyam/dotfiles/conf/.oh-my-zsh/plugins/kitchen
/Users/satyam/dotfiles/conf/.oh-my-zsh/plugins/virtualenv
/Users/satyam/dotfiles/conf/.oh-my-zsh/plugins/aliases
/Users/satyam/dotfiles/conf/.oh-my-zsh/plugins/virtualenvwrapper
/Users/satyam/dotfiles/conf/.oh-my-zsh/plugins/ripgrep
/Users/satyam/dotfiles/conf/.oh-my-zsh/plugins/kubectl
/Users/satyam/dotfiles/conf/.oh-my-zsh/plugins/vscode
/Users/satyam/dotfiles/conf/.oh-my-zsh/plugins/npx
/Users/satyam/dotfiles/conf/.oh-my-zsh/plugins/suse
/Users/satyam/dotfiles/conf/.oh-my-zsh/plugins/django
/Users/satyam/dotfiles/conf/.oh-my-zsh/plugins/drush
/Users/satyam/dotfiles/conf/.oh-my-zsh/plugins/compleat
/Users/satyam/dotfiles/conf/.oh-my-zsh/plugins/themes
/Users/satyam/dotfiles/conf/.oh-my-zsh/plugins/ubuntu
/Users/satyam/dotfiles/conf/.oh-my-zsh/plugins/rand-quote
/Users/satyam/dotfiles/conf/.oh-my-zsh/plugins/helm
/Users/satyam/dotfiles/conf/.oh-my-zsh/plugins/repo
/Users/satyam/dotfiles/conf/.oh-my-zsh/plugins/rbfu
/Users/satyam/dotfiles/conf/.oh-my-zsh/plugins/laravel4
/Users/satyam/dotfiles/conf/.oh-my-zsh/plugins/colorize
/Users/satyam/dotfiles/conf/.oh-my-zsh/plugins/npm
/Users/satyam/dotfiles/conf/.oh-my-zsh/plugins/bundler
/Users/satyam/dotfiles/conf/.oh-my-zsh/plugins/nanoc
/Users/satyam/dotfiles/conf/.oh-my-zsh/plugins/ruby
/Users/satyam/dotfiles/conf/.oh-my-zsh/plugins/rbenv
/Users/satyam/dotfiles/conf/.oh-my-zsh/plugins/fzf
/Users/satyam/dotfiles/conf/.oh-my-zsh/plugins/zeus
/Users/satyam/dotfiles/conf/.oh-my-zsh/plugins/git
/Users/satyam/dotfiles/conf/.oh-my-zsh/plugins/cabal
/Users/satyam/dotfiles/conf/.oh-my-zsh/plugins/svcat
/Users/satyam/dotfiles/conf/.oh-my-zsh/plugins/fasd
/Users/satyam/dotfiles/conf/.oh-my-zsh/plugins/cake
/Users/satyam/dotfiles/conf/.oh-my-zsh/plugins/sublime
/Users/satyam/dotfiles/conf/.oh-my-zsh/plugins/laravel
/Users/satyam/dotfiles/conf/.oh-my-zsh/plugins/swiftpm
/Users/satyam/dotfiles/conf/.oh-my-zsh/plugins/gitignore
/Users/satyam/dotfiles/conf/.oh-my-zsh/plugins/git-extras
/Users/satyam/dotfiles/conf/.oh-my-zsh/plugins/lein
/Users/satyam/dotfiles/conf/.oh-my-zsh/plugins/marked2
/Users/satyam/dotfiles/conf/.oh-my-zsh/plugins/supervisor
/Users/satyam/dotfiles/conf/.oh-my-zsh/plugins/vault
/Users/satyam/dotfiles/conf/.oh-my-zsh/plugins/bgnotify
/Users/satyam/dotfiles/conf/.oh-my-zsh/plugins/spring
/Users/satyam/dotfiles/conf/.oh-my-zsh/plugins/knife
/Users/satyam/dotfiles/conf/.oh-my-zsh/plugins/pm2
/Users/satyam/dotfiles/conf/.oh-my-zsh/plugins/jake-node
/Users/satyam/dotfiles/conf/.oh-my-zsh/plugins/taskwarrior
/Users/satyam/dotfiles/conf/.oh-my-zsh/plugins/rails
/Users/satyam/dotfiles/conf/.oh-my-zsh/plugins/laravel5
/Users/satyam/dotfiles/conf/.oh-my-zsh/plugins/gem
/Users/satyam/dotfiles/conf/.oh-my-zsh/plugins/terminitor
/Users/satyam/dotfiles/conf/enhancd/test
/Users/satyam/dotfiles/conf/enhancd/functions
/Users/satyam/dotfiles/conf/enhancd/conf.d
/Users/satyam/dotfiles/conf/enhancd/src
/Users/satyam/dotfiles/tmuxinator
/Users/satyam/dotfiles/UltiSnips
/Users/satyam/dotfiles/scripts
/Users/satyam/dotfiles/Fonts
/Users/satyam/dotfiles/assets
/Users/satyam/Documents/Python-Things/sockio/__pycache__
/Users/satyam/Documents/Python-Things/sockio/public
/Users/satyam/Documents/Python-Things/sockio/venv
/Users/satyam/Documents/Python-Things/MathNotebooks
/Users/satyam/Documents/Python-Things/cycloid
/Users/satyam/Applications/Remove Autodesk Fusion 360.app
/Users/satyam/Applications/Autodesk Fusion 360.app
/Users/satyam/Applications/Chrome Apps.localized
/Users/satyam/Applications/Framer.app
/Users/satyam/Documents/C-Things/zephyrproject/Zephyr/misc
/Users/satyam/Documents/C-Things/zephyrproject/Zephyr/dts
/Users/satyam/Documents/C-Things/zephyrproject/Zephyr/drivers
/Users/satyam/Documents/C-Things/zephyrproject/Zephyr/cmake
/Users/satyam/Documents/C-Things/zephyrproject/Zephyr/soc
/Users/satyam/Documents/C-Things/zephyrproject/Zephyr/include
/Users/satyam/Documents/C-Things/zephyrproject/Zephyr/subsys
/Users/satyam/Documents/C-Things/zephyrproject/Zephyr/tests
/Users/satyam/Documents/C-Things/zephyrproject/Zephyr/samples
/Users/satyam/Documents/C-Things/zephyrproject/Zephyr/arch
/Users/satyam/Documents/C-Things/zephyrproject/Zephyr/scripts
/Users/satyam/Documents/C-Things/zephyrproject/Zephyr/boards
/Users/satyam/Documents/C-Things/zephyrproject/Zephyr/lib
/Users/satyam/Documents/C-Things/zephyrproject/Zephyr/doc
/Users/satyam/Documents/C-Things/zephyrproject/Zephyr/modules
/Users/satyam/Documents/C-Things/zephyrproject/Zephyr/kernel
/Users/satyam/Documents/C-Things/zephyrproject/Zephyr/share
/Users/satyam/Documents/C-Things/zephyrproject/ZephyrPlayground/blinky/build
/Users/satyam/Documents/C-Things/zephyrproject/ZephyrPlayground/my_blink/src
/Users/satyam/Documents/C-Things/zephyrproject/ZephyrPlayground/multitask_example
/Users/satyam/zephyrproject/zephyr/samples/posix
/Users/satyam/zephyrproject/zephyr/samples/application_development
/Users/satyam/zephyrproject/zephyr/samples/net
/Users/satyam/zephyrproject/zephyr/samples/drivers
/Users/satyam/zephyrproject/zephyr/samples/hello_world
/Users/satyam/zephyrproject/zephyr/samples/synchronization
/Users/satyam/zephyrproject/zephyr/samples/shields
/Users/satyam/zephyrproject/zephyr/samples/subsys
/Users/satyam/zephyrproject/zephyr/samples/basic
/Users/satyam/zephyrproject/zephyr/samples/tfm_integration
/Users/satyam/zephyrproject/zephyr/samples/bluetooth
/Users/satyam/zephyrproject/zephyr/samples/arch
/Users/satyam/zephyrproject/zephyr/samples/boards
/Users/satyam/zephyrproject/zephyr/samples/userspace
/Users/satyam/zephyrproject/zephyr/samples/portability
/Users/satyam/zephyrproject/zephyr/samples/philosophers
/Users/satyam/zephyrproject/zephyr/samples/kernel
/Users/satyam/zephyrproject/zephyr/misc
/Users/satyam/zephyrproject/zephyr/dts
/Users/satyam/zephyrproject/zephyr/drivers
/Users/satyam/zephyrproject/zephyr/cmake
/Users/satyam/zephyrproject/zephyr/soc
/Users/satyam/zephyrproject/zephyr/include
/Users/satyam/zephyrproject/zephyr/subsys
/Users/satyam/zephyrproject/zephyr/tests
/Users/satyam/zephyrproject/zephyr/arch
/Users/satyam/zephyrproject/zephyr/scripts
/Users/satyam/zephyrproject/zephyr/boards
/Users/satyam/zephyrproject/zephyr/lib
/Users/satyam/zephyrproject/zephyr/doc
/Users/satyam/zephyrproject/zephyr/build
/Users/satyam/zephyrproject/zephyr/modules
/Users/satyam/zephyrproject/zephyr/kernel
/Users/satyam/zephyrproject/zephyr/share
/Users/satyam/zephyrproject/tools
/Users/satyam/zephyrproject/bootloader
/Users/satyam/zephyrproject/build
/Users/satyam/zephyrproject/modules
/Users/satyam/Documents/MATLAB/GenotyperModels/Drivers/GenotyperDriversPio/src/M24C02
/Users/satyam/Documents/MATLAB/GenotyperModels/Drivers/GenotyperDriversPio/src/FDC1004_stream
/Users/satyam/Documents/C-Things/tlc59108/include
/Users/satyam/Documents/C-Things/tlc59108/src
/Users/satyam/Documents/C-Things/tlc59108/examples
/Users/satyam/Documents/MATLAB/GenotyperModels/Drivers/GenotyperDriversPio/src/TMP100_Temp
/Users/satyam/Documents/MATLAB/GenotyperModels/Drivers/GenotyperDriversPio/src/I2C_Scanner
/Users/satyam/Documents/MATLAB/GenotyperModels/Drivers/GenotyperDriversPio/src/TB6612_Motors
/Users/satyam/Documents/MATLAB/GenotyperModels/Drivers/GenotyperDriversPio/src/TLE4946_Encoder
/Users/satyam/Documents/MATLAB/GenotyperModels/Drivers/GenotyperDriversPio/src/TLC59108_PWM
/Users/satyam/Documents/MATLAB/GenotyperModels/Drivers/GenotyperDriversPio/test
/Users/satyam/Documents/MATLAB/GenotyperModels/Drivers/GenotyperDriversPio/include
/Users/satyam/Documents/MATLAB/GenotyperModels/Drivers/GenotyperDriversPio/lib
/Users/satyam/Documents/MATLAB/GenotyperModels/Drivers/TMP100_Temp
/Users/satyam/Documents/MATLAB/GenotyperModels/Drivers/resources
/Users/satyam/Documents/MATLAB/GenotyperModels/Drivers/MC3479_3Axis
/Users/satyam/Documents/MATLAB/GenotyperModels/Drivers/common
/Users/satyam/Documents/MATLAB/GenotyperModels/Drivers/TLC59108_ConstCurr
/Users/satyam/Documents/MATLAB/GenotyperModels/Drivers/TLA2528_ADC
/Users/satyam/Documents/MATLAB/GenotyperModels/Drivers/M24C02_EEPROM
/Users/satyam/Documents/C-Things/zephyrproject/ZephyrPlayground/multi_tasking/build
/Users/satyam/Documents/MATLAB/GenotyperModels/Subsystems/TemperatureControl/PCR
/Users/satyam/Documents/MATLAB/GenotyperModels/Subsystems/TemperatureControl/ControlledJouleHeater
/Users/satyam/Documents/MATLAB/GenotyperModels/Subsystems/UserInteraction/BLE
/Users/satyam/Documents/MATLAB/GenotyperModels/Subsystems/UserInteraction/Swabing
/Users/satyam/Documents/MATLAB/GenotyperModels/Subsystems/FluidControl/MicrofluidicFlow
/Users/satyam/Documents/MATLAB/GenotyperModels/Subsystems/PowerManagement
/Users/satyam/Documents/MATLAB/GenotyperModels/Reqs
/Users/satyam/Documents/MATLAB/GenotyperModels/VI
/Users/satyam/Documents/MATLAB/GenotyperModels/Tools
/Users/satyam/Documents/MATLAB/GenotyperModels/SubsystemModels
/Users/satyam/Documents/MATLAB/GenotyperModels/resources
/Users/satyam/Documents/MATLAB/GenotyperModels/Common
/Users/satyam/Documents/MATLAB/GenotyperModels/slprj
/Users/satyam/Documents/MATLAB/slprj
/Users/satyam/Documents/MATLAB/Matlab
/Users/satyam/Documents/MATLAB/Examples
/Users/satyam/Documents/MATLAB/SupportPackages
/Users/satyam/Documents/MATLAB/MFabModels
/Users/satyam/Documents/MATLAB/R2021a
/Users/satyam/Documents/MATLAB/Microfabricator-PCBs
/Users/satyam/Documents/C-Things/zephyrproject/ZephyrPlayground/multi_tasking/src
/Users/satyam/.vim/vim-one/screenshots
/Users/satyam/.vim/vim-one/estilo
/Users/satyam/.vim/vim-one/colors
/Users/satyam/.vim/vim-one/autoload
/Users/satyam/Downloads/vim-atom-dark/colors
/Users/satyam/Documents/Arduino/libraries
/Users/satyam/nerd-fonts/bin
/Users/satyam/nerd-fonts/css
/Users/satyam/nerd-fonts/images
/Users/satyam/nerd-fonts/patched-fonts
/Users/satyam/nerd-fonts/chocolatey
/Users/satyam/nerd-fonts/src
/Users/satyam/Documents/C-Things/Chipscope-Embedded/test
/Users/satyam/Documents/C-Things/Chipscope-Embedded/include
/Users/satyam/Documents/C-Things/Chipscope-Embedded/lib
/Users/satyam/Documents/C-Things/Chipscope-Embedded/src
/Users/satyam/Documents/C-Things/cmake-starter
/Users/satyam/Documents/C-Things/a
/Users/satyam/.oh-my-zsh/custom/plugins/zsh-autosuggestions
/Users/satyam/.oh-my-zsh/custom/plugins/example
/Users/satyam/.oh-my-zsh/custom/plugins/zsh-z
/Users/satyam/.oh-my-zsh/custom/plugins/zsh-syntax-highlighting
/Users/satyam/.oh-my-zsh/custom/themes
/Users/satyam/Downloads/Technoculture Research Slack export Aug 6 2019 - Apr 7 2021
/Users/satyam/Downloads/dogehouse-staging
/Users/satyam/Downloads/014-makefile-full
/Users/satyam/Downloads/beagle-api-macosx-x86_64-v5.40
/Users/satyam/Downloads/Svelte-3-Up-and-Running-master
/Users/satyam/Downloads/aardvark-api-macosx-x86_64-v5-2.50
/Users/satyam/Downloads/control-center-macosx-x86_64-v4.1.0
/Users/satyam/Downloads/015-skeleton-start
/Users/satyam/Downloads/libc-skeleton
/Users/satyam/Downloads/Filters-0.1.1
/Users/satyam/Downloads/Ultralight-master
/Users/satyam/Downloads/FreeRTOS-LTS
/Users/satyam/Downloads/IElixir
/Users/satyam/Downloads/ESP32-OV7670-WebSocket-Camera-master
/Users/satyam/Downloads/libc-skeleton-2
/Users/satyam/Downloads/code-master
/Users/satyam/Downloads/nRF5_SDK_17
/Users/satyam/Downloads/Camera Exp-01
/Users/satyam/Downloads/code-e3de63c922c2094d63949949b4cdf776fb5462dc
/Users/satyam/Downloads/tufte-latex
/Users/satyam/Downloads/algs4-data
/Users/satyam/Downloads/Hiring_Programmer_exp
/Users/satyam/Downloads/FreeRTOSv202012.00
/Users/satyam/Downloads/ODE
/Users/satyam/Downloads/download.pdf-2.download
/Users/satyam/Downloads/015-skeleton-start-2
/Users/satyam/Downloads/motoman-0.1.4a0
/Users/satyam/Downloads/Zusatzmaterial
/Users/satyam/Downloads/Exported Fonts
/Users/satyam/Downloads/gcc-arm-none-eabi-10-2020-q4-major-mac.pkg.download
/Users/satyam/Downloads/download.pdf.download
/Users/satyam/Downloads/tufte_algorithms_book-master
/Users/satyam/Downloads/001-printf-dep
/Users/satyam/Downloads/BMP280
/Users/satyam/Downloads/ubuntu-20.04.2.0-desktop-amd64.iso.download
/Users/satyam/Downloads/Postman.app
/Users/satyam/Downloads/Core_v5.2.pdf-2.download
/Users/satyam/Downloads/learn-go-with-tests-11.2.2
/Users/satyam/Downloads/lv_platformio-master
/Users/satyam/Downloads/textext-1.3.1
/Users/satyam/Downloads/Temp_Sensor_with_arduino_code
/Users/satyam/Downloads/TexpadKB-master
/Users/satyam/Downloads/Framer.app
/Users/satyam/Downloads/aardvark-api-macosx-x86_64-v5.50
/Users/satyam/Documents/C-Things/zephyrproject/ZephyrPlayground/threads/build
/Users/satyam/Documents/C-Things/zephyrproject/ZephyrPlayground/minimal_build
/Users/satyam/Documents/C-Things/zephyrproject/ZephyrPlayground/MPU6050
/Users/satyam/Documents/C-Things/zephyrproject/ZephyrPlayground/ADC
/Users/satyam/Documents/C-Things/zephyrproject/ZephyrPlayground/add_func
/Users/satyam/Documents/C-Things/zephyrproject/ZephyrPlayground/simple_print
/Users/satyam/Documents/C-Things/zephyrproject/ZephyrPlayground/printk
/Users/satyam/Documents/Go-Things
/Users/satyam/Documents/Business-Things
/Users/satyam/Documents/PCB-Things
/Users/satyam/Documents/App-Things
/Users/satyam/Documents/SEGGER Embedded Studio for ARM Projects
/Users/satyam/Documents/LabVIEW Data
/Users/satyam/Documents/Julia-Things
/Users/satyam/Documents/UIDesign-Things
/Users/satyam/Documents/Swift-Things
/Users/satyam/Documents/EAGLE
/Users/satyam/Documents/Tex-Things
/Users/satyam/Documents/Library
/Users/satyam/Documents/VPProjects
/Users/satyam/Documents/Adobe
/Users/satyam/Documents/PlatformIO
/Users/satyam/Documents/CAD
/Users/satyam/Documents/Cpp-Things
/Users/satyam/Documents/Microfabrocator4S-4M
/Users/satyam/Documents/scxml-things
/Users/satyam/Documents/ReferenceProjects
/Users/satyam/Documents/LTspice
/Users/satyam/Documents/Zoom
/Users/satyam/Documents/Js-Things
/Users/satyam/Documents/iCloud-Dump Dec20
/Users/satyam/Documents/Spreadsheet-Things
/
/Users
/Users/satyam/Nordic
/Users/satyam/Music
/Users/satyam/Dumps
/Users/satyam/go
/Users/satyam/VirtualBox VMs
/Users/satyam/Installs
/Users/satyam/gn
/Users/satyam/bin
/Users/satyam/Qt-open
/Users/satyam/Creative Cloud Files
/Users/satyam/Pictures
/Users/satyam/Qt
/Users/satyam/Postman
/Users/satyam/Desktop
/Users/satyam/Library
/Users/satyam/Public
/Users/satyam/Movies
/Users/satyam/ncs
/Users/satyam/CPM_Cache
/Users/satyam/enhancd
/Users/satyam/MPSProjects
/Users/satyam/.oh-my-zsh/custom
/Users/satyam/Downloads/z
/Users/satyam/.oh-my-zsh/custom/plugins
/Users/satyam/nerd-fonts
/Users/satyam/Documents/C-Things/Chipscope-Embedded
/Users/satyam/Downloads/Microfabricator4S-4M-Mechanical-dev
/Users/satyam/Documents/Arduino
/Users/satyam/Documents/C-Things/zephyrproject/ZephyrPlayground/threads/src
/Users/satyam/Downloads
/Users/satyam/Downloads/vim-atom-dark
/Users/satyam/.vim/vim-atom-dark
/Users/satyam/.vim
/Users/satyam/.vim/colors
/Users/satyam/.vim/vim-one
/Users/satyam/Documents/MATLAB
/Users/satyam/Documents/MATLAB/GenotyperModels
/Users/satyam/Documents/MATLAB/GenotyperModels/Subsystems
/Users/satyam/Documents/MATLAB/GenotyperModels/Subsystems/FluidControl
/Users/satyam/Documents/MATLAB/GenotyperModels/Subsystems/GenotypeDetection
/Users/satyam/Documents/MATLAB/GenotyperModels/Subsystems/FluidControl/CapacitanceSensor
/Users/satyam/Documents/MATLAB/GenotyperModels/Subsystems/UserInteraction
/Users/satyam/Documents/MATLAB/GenotyperModels/Subsystems/TemperatureControl
/Users/satyam/Documents/MATLAB/GenotyperModels/Drivers
/Users/satyam/Documents/MATLAB/GenotyperModels/Drivers/GenotyperDriversPio
/Users/satyam/Documents/MATLAB/GenotyperModels/Drivers/GenotyperDriversPio/src
/Users/satyam/Documents/C-Things/tlc59108
/Users/satyam/zephyrproject/zephyr
/Users/satyam/zephyrproject/zephyr/samples
/Users/satyam/Documents/C-Things/zephyrproject/ZephyrPlayground/my_blink
/Users/satyam/Applications
/Users/satyam/Documents/C-Things/zephyrproject/ZephyrPlayground/blinky/src
/Users/satyam/Documents/C-Things/zephyrproject/ZephyrPlayground/blinky
/Users/satyam/Documents/Python-Things
/Users/satyam/Documents/Python-Things/sockio
/Users/satyam/dotfiles/conf/enhancd
/Users/satyam/dotfiles/conf/.oh-my-zsh
/Users/satyam/dotfiles/conf/.oh-my-zsh/plugins
/Users/satyam/Downloads/Hardware-Tests-master
/Users/satyam/Documents/Haskell-Things
/Users/satyam/Documents/Haskell-Things/learning1
/Users/satyam/Documents/C-Things/zephyrproject/ZephyrPlayground/drivers
/Users/satyam/Documents/C-Things
/Users/satyam/Documents/C-Things/lit
/Users/satyam/Documents/Scheme-Things
/Users/satyam/dotfiles/conf
/Users/satyam/Documents/C-Things/zephyrproject/ZephyrPlayground/threads
/Users/satyam/Documents
/Users/satyam/Documents/C-Things/zephyrproject/ZephyrPlayground/multi_tasking
/Users/satyam/Documents/Notes
/Users/satyam/Documents/C-Things/ZephyrInSimplePieces
/Users/satyam/zephyrproject/zephyr/samples/sensor
/Users/satyam/.emacs.d/bin
/Users/satyam/Documents/C-Things/zephyrproject/ZephyrPlayground/drivers/sensor/tmp100
/Users/satyam/.doom.d
/Users/satyam/dotfiles
/home
/Users/satyam/zephyrproject
/Users/satyam/Documents/C-Things/zephyrproject/zephyr
/Users/satyam/Documents/C-Things/zephyrproject/zephyr/boards
/Users/satyam/Documents/C-Things/zephyrproject/build
/Users/satyam/Documents/C-Things/zephyrproject/build/app
/Users/satyam/Documents/C-Things/zephyrproject/build/zephyr
/Users/satyam/Documents/C-Things/zephyrproject/ZephyrPlayground/build
/Users/satyam/Documents/C-Things/zephyrproject/ZephyrPlayground/tmp100/src
/Users/satyam/Documents/C-Things/zephyrproject
/Users/satyam/Documents/C-Things/zephyrproject/Zephyr
/Users/satyam/Documents/C-Things/zephyrproject/ZephyrPlayground
/Users/satyam/Documents/C-Things/zephyrproject/ZephyrPlayground/tmp100
/Users/satyam/.oh-my-zsh
/Users/satyam/.emacs.d
/Users/satyam/Dotfiles
/Users/satyam
/Users/satyam/Dotfiles
